<?xml version="1.0" encoding="UTF-8"?>
<!-- Generated by org.testng.reporters.JUnitReportReporter -->
<testsuite hostname="DESKTOP-RUP04LH" failures="0" tests="1" name="com.obs.tests.T3VerifyUserLogin" time="28.845" errors="0" timestamp="2023-01-04T18:58:05 IST" skipped="0">
  <testcase classname="com.obs.tests.T3VerifyUserLogin" name="verifyUserLogin" time="28.845"/>
  <system-out/>
</testsuite> <!-- com.obs.tests.T3VerifyUserLogin -->
