<?xml version="1.0" encoding="UTF-8"?>
<!-- Generated by org.testng.reporters.JUnitReportReporter -->
<testsuite hostname="DESKTOP-RUP04LH" failures="0" tests="1" name="com.obs.tests.T4CreateNewUserAndVerifyManageAcc" time="20.704" errors="0" timestamp="2023-01-05T18:37:25 IST" skipped="0">
  <testcase classname="com.obs.tests.T4CreateNewUserAndVerifyManageAcc" name="createnewuser" time="20.704"/>
  <system-out/>
</testsuite> <!-- com.obs.tests.T4CreateNewUserAndVerifyManageAcc -->
