<?xml version="1.0" encoding="UTF-8"?>
<!-- Generated by org.testng.reporters.JUnitReportReporter -->
<testsuite hostname="DESKTOP-RUP04LH" failures="0" tests="1" name="com.obs.tests.T1LoginTest" time="15.978" errors="0" timestamp="2023-01-03T14:00:44 IST" skipped="0">
  <testcase classname="com.obs.tests.T1LoginTest" name="verifyLogin" time="15.978"/>
  <system-out/>
</testsuite> <!-- com.obs.tests.T1LoginTest -->
