<?xml version="1.0" encoding="UTF-8"?>
<!-- Generated by org.testng.reporters.JUnitReportReporter -->
<testsuite hostname="DESKTOP-RUP04LH" failures="0" tests="1" name="com.obs.tests.T4CreateNewUserAndVerify" time="48.045" errors="0" timestamp="2023-01-05T17:46:02 IST" skipped="0">
  <testcase classname="com.obs.tests.T4CreateNewUserAndVerify" name="createnewuser" time="48.045"/>
  <system-out/>
</testsuite> <!-- com.obs.tests.T4CreateNewUserAndVerify -->
