<?xml version="1.0" encoding="UTF-8"?>
<!-- Generated by org.testng.reporters.JUnitReportReporter -->
<testsuite hostname="DESKTOP-RUP04LH" failures="0" tests="5" name="com.obs.tests.DelectAccount" time="108.149" errors="0" timestamp="2023-01-05T19:19:47 IST" skipped="0">
  <testcase classname="com.obs.tests.DelectAccount" name="delectaccount" time="18.692"/>
  <system-out/>
  <testcase classname="com.obs.tests.DelectAccount" name="delectaccount" time="23.512"/>
  <system-out/>
  <testcase classname="com.obs.tests.DelectAccount" name="delectaccount" time="22.836"/>
  <system-out/>
  <testcase classname="com.obs.tests.DelectAccount" name="delectaccount" time="21.814"/>
  <system-out/>
  <testcase classname="com.obs.tests.DelectAccount" name="delectaccount" time="21.295"/>
  <system-out/>
</testsuite> <!-- com.obs.tests.DelectAccount -->
